[2026-04-15T16:10:15.934Z] server.js bootstrap starting. cwd=D:\SaliqBanday\backend PORT=<unset>
[2026-04-15T16:21:18.372Z] server.js bootstrap starting. cwd=D:\SaliqBanday\backend PORT=<unset>
[2026-04-18T13:32:10.686Z] server.js bootstrap starting. cwd=D:\SaliqBanday\backend PORT=<unset>
[2026-04-18T14:46:31.178Z] server.js bootstrap starting. cwd=D:\SaliqBanday\backend PORT=<unset>
[2026-04-19T17:17:31.032Z] server.js bootstrap starting. cwd=D:\SaliqBanday\backend PORT=<unset>
[2026-04-27T15:48:00.507Z] server.js bootstrap starting. cwd=D:\SaliqBanday\backend PORT=<unset>
[2026-04-29T18:01:11.601Z] server.js bootstrap starting. cwd=D:\SaliqBanday\backend PORT=<unset>
[2026-04-30T00:52:02.650Z] server.js bootstrap starting. cwd=D:\SaliqBanday\backend PORT=<unset>
[2026-04-30T01:57:17.842Z] server.js bootstrap starting. cwd=D:\SaliqBanday\backend PORT=<unset>
[2026-04-30T14:54:19.277Z] server.js bootstrap starting. cwd=D:\SaliqBanday\backend PORT=<unset>
[2026-04-30T14:54:30.045Z] uncaughtException: Error: listen EADDRINUSE: address already in use :::4000
    at Server.setupListenHandle [as _listen2] (node:net:1937:16)
    at listenInCluster (node:net:1994:12)
    at Server.listen (node:net:2099:7)
    at Function.listen (D:\SaliqBanday\backend\node_modules\express\lib\application.js:635:24)
    at Object.<anonymous> (D:\SaliqBanday\backend\dist\index.js:105:5)
    at Module._compile (node:internal/modules/cjs/loader:1554:14)
    at Object..js (node:internal/modules/cjs/loader:1706:10)
    at Module.load (node:internal/modules/cjs/loader:1289:32)
    at Function._load (node:internal/modules/cjs/loader:1108:12)
    at TracingChannel.traceSync (node:diagnostics_channel:322:14)
[2026-04-30T14:55:53.679Z] server.js bootstrap starting. cwd=D:\SaliqBanday\backend PORT=<unset>
[2026-04-30T15:42:43.466Z] server.js bootstrap starting. cwd=D:\SaliqBanday\backend PORT=<unset>
[2026-04-30T16:38:39.640Z] server.js bootstrap starting. cwd=D:\SaliqBanday\backend PORT=<unset>
[2026-04-30T21:40:32.753Z] server.js bootstrap starting. cwd=D:\SaliqBanday\backend PORT=<unset>
[2026-04-30T21:40:44.160Z] startup failure: D:\SaliqBanday\backend\dist\routes\songs.js:217
                audioUrl, 
                          

SyntaxError: Unexpected end of input
    at wrapSafe (node:internal/modules/cjs/loader:1486:18)
    at Module._compile (node:internal/modules/cjs/loader:1528:20)
    at Object..js (node:internal/modules/cjs/loader:1706:10)
    at Module.load (node:internal/modules/cjs/loader:1289:32)
    at Function._load (node:internal/modules/cjs/loader:1108:12)
    at TracingChannel.traceSync (node:diagnostics_channel:322:14)
    at wrapModuleLoad (node:internal/modules/cjs/loader:220:24)
    at Module.require (node:internal/modules/cjs/loader:1311:12)
    at require (node:internal/modules/helpers:136:16)
    at Object.<anonymous> (D:\SaliqBanday\backend\dist\index.js:13:33)
[2026-04-30T21:43:41.532Z] server.js bootstrap starting. cwd=D:\SaliqBanday\backend PORT=<unset>
[2026-04-30T21:48:16.595Z] server.js bootstrap starting. cwd=D:\SaliqBanday\backend PORT=<unset>
[2026-04-30T21:59:47.958Z] server.js bootstrap starting. cwd=D:\SaliqBanday\backend PORT=<unset>
[2026-04-30T22:19:58.642Z] server.js bootstrap starting. cwd=D:\SaliqBanday\backend PORT=<unset>
[2026-04-30T22:23:15.374Z] server.js bootstrap starting. cwd=D:\SaliqBanday\backend PORT=<unset>
[2026-04-30T22:37:04.400Z] server.js bootstrap starting. cwd=D:\SaliqBanday\backend PORT=<unset>
[2026-04-30T22:41:44.249Z] server.js bootstrap starting. cwd=D:\SaliqBanday\backend PORT=<unset>
[2026-05-01T11:42:04.131Z] server.js bootstrap starting. cwd=D:\SaliqBanday\backend PORT=4199
[2026-05-01T17:45:55.123Z] server.js bootstrap starting. cwd=D:\SaliqBanday\backend PORT=4299
[2026-05-01T22:45:40.156Z] server.js bootstrap starting. cwd=D:\SaliqBanday\backend PORT=<unset>
